#
# There is insufficient memory for the Java Runtime Environment to continue.
# Native memory allocation (malloc) failed to allocate 1048576 bytes for AllocateHeap
# Possible reasons:
#   The system is out of physical RAM or swap space
#   In 32 bit mode, the process size limit was hit
# Possible solutions:
#   Reduce memory load on the system
#   Increase physical memory or swap space
#   Check if swap backing store is full
#   Use 64 bit Java on a 64 bit OS
#   Decrease Java heap size (-Xmx/-Xms)
#   Decrease number of Java threads
#   Decrease Java thread stack sizes (-Xss)
#   Set larger code cache with -XX:ReservedCodeCacheSize=
# This output file may be truncated or incomplete.
#
#  Out of Memory Error (memory/allocation.inline.hpp:61), pid=11440, tid=0x0000000000001d70
#
# JRE version:  (8.0_101-b13) (build )
# Java VM: Java HotSpot(TM) 64-Bit Server VM (25.101-b13 mixed mode windows-amd64 compressed oops)
# Failed to write core dump. Minidumps are not enabled by default on client versions of Windows
#

---------------  T H R E A D  ---------------

Current thread (0x0000000002b4e000):  JavaThread "Unknown thread" [_thread_in_vm, id=7536, stack(0x0000000002bc0000,0x0000000002cc0000)]

Stack: [0x0000000002bc0000,0x0000000002cc0000]
[error occurred during error reporting (printing stack bounds), id 0xc0000005]

Native frames: (J=compiled Java code, j=interpreted, Vv=VM code, C=native code)


---------------  P R O C E S S  ---------------

Java Threads: ( => current thread )

Other Threads:

=>0x0000000002b4e000 (exited) JavaThread "Unknown thread" [_thread_in_vm, id=7536, stack(0x0000000002bc0000,0x0000000002cc0000)]

VM state:not at safepoint (normal execution)

VM Mutex/Monitor currently owned by a thread: None

Heap:
 PSYoungGen      total 38400K, used 665K [0x00000000d5e00000, 0x00000000d8880000, 0x0000000100000000)
  eden space 33280K, 2% used [0x00000000d5e00000,0x00000000d5ea6670,0x00000000d7e80000)
  from space 5120K, 0% used [0x00000000d8380000,0x00000000d8380000,0x00000000d8880000)
  to   space 5120K, 0% used [0x00000000d7e80000,0x00000000d7e80000,0x00000000d8380000)
 ParOldGen       total 87552K, used 0K [0x0000000081a00000, 0x0000000086f80000, 0x00000000d5e00000)
  object space 87552K, 0% used [0x0000000081a00000,0x0000000081a00000,0x0000000086f80000)
 Metaspace       used 769K, capacity 4480K, committed 4480K, reserved 1056768K
  class space    used 75K, capacity 384K, committed 384K, reserved 1048576K

Card table byte_map: [0x0000000012180000,0x0000000012580000] byte_map_base: 0x0000000011d73000

Marking Bits: (ParMarkBitMap*) 0x000000006a9fa6d0
 Begin Bits: [0x0000000013030000, 0x0000000014fc8000)
 End Bits:   [0x0000000014fc8000, 0x0000000016f60000)

Polling page: 0x0000000002ad0000

CodeCache: size=245760Kb used=328Kb max_used=328Kb free=245431Kb
 bounds [0x0000000002dc0000, 0x0000000003030000, 0x0000000011dc0000]
 total_blobs=58 nmethods=0 adapters=38
 compilation: enabled

Compilation events (0 events):
No events

GC Heap History (0 events):
No events

Deoptimization events (0 events):
No events

Internal exceptions (0 events):
No events

Events (10 events):
Event: 0.071 loading class java/lang/Short
Event: 0.071 loading class java/lang/Short done
Event: 0.071 loading class java/lang/Integer
Event: 0.072 loading class java/lang/Integer done
Event: 0.072 loading class java/lang/Long
Event: 0.072 loading class java/lang/Long done
Event: 0.074 loading class java/lang/NullPointerException
Event: 0.074 loading class java/lang/NullPointerException done
Event: 0.074 loading class java/lang/ArithmeticException
Event: 0.074 loading class java/lang/ArithmeticException done


Dynamic libraries:
0x00007ff750be0000 - 0x00007ff750c17000 	C:\Program Files\Java\jdk1.8.0_101\bin\java.exe
0x00007ff992f30000 - 0x00007ff9930dd000 	C:\Windows\SYSTEM32\ntdll.dll
0x00007ff990c70000 - 0x00007ff990dae000 	C:\Windows\system32\KERNEL32.DLL
0x00007ff9901b0000 - 0x00007ff9902c5000 	C:\Windows\system32\KERNELBASE.dll
0x00007ff98ec30000 - 0x00007ff98ecbe000 	C:\Windows\system32\apphelp.dll
0x00007ff9805e0000 - 0x00007ff980633000 	C:\Windows\AppPatch\AppPatch64\AcGenral.DLL
0x00007ff990db0000 - 0x00007ff990e5a000 	C:\Windows\system32\msvcrt.dll
0x00007ff990130000 - 0x00007ff99015e000 	C:\Windows\system32\SspiCli.dll
0x00007ff990ab0000 - 0x00007ff990b04000 	C:\Windows\system32\SHLWAPI.dll
0x00007ff990f30000 - 0x00007ff9910a7000 	C:\Windows\system32\USER32.dll
0x00007ff992970000 - 0x00007ff992b04000 	C:\Windows\system32\ole32.dll
0x00007ff991290000 - 0x00007ff9927ba000 	C:\Windows\system32\SHELL32.dll
0x00007ff98f6b0000 - 0x00007ff98f6d1000 	C:\Windows\SYSTEM32\USERENV.dll
0x00007ff992800000 - 0x00007ff9928aa000 	C:\Windows\system32\ADVAPI32.dll
0x00007ff981100000 - 0x00007ff98111e000 	C:\Windows\SYSTEM32\MPR.dll
0x00007ff992de0000 - 0x00007ff992f20000 	C:\Windows\system32\RPCRT4.dll
0x00007ff992b10000 - 0x00007ff992b69000 	C:\Windows\SYSTEM32\sechost.dll
0x00007ff9905c0000 - 0x00007ff9907d1000 	C:\Windows\SYSTEM32\combase.dll
0x00007ff9910b0000 - 0x00007ff9911ff000 	C:\Windows\system32\GDI32.dll
0x00007ff990060000 - 0x00007ff990075000 	C:\Windows\SYSTEM32\profapi.dll
0x00007ff98e600000 - 0x00007ff98e6b2000 	C:\Windows\SYSTEM32\SHCORE.dll
0x00007ff9927c0000 - 0x00007ff9927f6000 	C:\Windows\system32\IMM32.DLL
0x00007ff990b10000 - 0x00007ff990c62000 	C:\Windows\system32\MSCTF.dll
0x00007ff98d530000 - 0x00007ff98d7ab000 	C:\Windows\WinSxS\amd64_microsoft.windows.common-controls_6595b64144ccf1df_6.0.9600.18006_none_623f33d3ecbe86e8\COMCTL32.dll
0x000000006acf0000 - 0x000000006adc2000 	C:\Program Files\Java\jdk1.8.0_101\jre\bin\msvcr100.dll
0x000000006a1e0000 - 0x000000006aa7a000 	C:\Program Files\Java\jdk1.8.0_101\jre\bin\server\jvm.dll
0x00007ff986dc0000 - 0x00007ff986dc9000 	C:\Windows\SYSTEM32\WSOCK32.dll
0x00007ff98bf90000 - 0x00007ff98bfb2000 	C:\Windows\SYSTEM32\WINMM.dll
0x00007ff98bfc0000 - 0x00007ff98bfca000 	C:\Windows\SYSTEM32\VERSION.dll
0x00007ff992f20000 - 0x00007ff992f27000 	C:\Windows\system32\PSAPI.DLL
0x00007ff9907e0000 - 0x00007ff99083a000 	C:\Windows\system32\WS2_32.dll
0x00007ff98bf50000 - 0x00007ff98bf7a000 	C:\Windows\SYSTEM32\WINMMBASE.dll
0x00007ff991200000 - 0x00007ff991209000 	C:\Windows\system32\NSI.dll
0x00007ff990160000 - 0x00007ff9901af000 	C:\Windows\SYSTEM32\cfgmgr32.dll
0x00007ff98ee80000 - 0x00007ff98eea8000 	C:\Windows\SYSTEM32\DEVOBJ.dll
0x000000006ace0000 - 0x000000006acef000 	C:\Program Files\Java\jdk1.8.0_101\jre\bin\verify.dll
0x000000006acb0000 - 0x000000006acd9000 	C:\Program Files\Java\jdk1.8.0_101\jre\bin\java.dll
0x000000006ac90000 - 0x000000006aca6000 	C:\Program Files\Java\jdk1.8.0_101\jre\bin\zip.dll

VM Arguments:
jvm_args: -Didea.launcher.port=7534 -Didea.launcher.bin.path=D:\Программы\IntelliJ IDEA\IntelliJ IDEA Community Edition 2016.2.3\bin -Dfile.encoding=UTF-8 
java_command: com.intellij.rt.execution.application.AppMain matrix.Main
java_class_path (initial): C:\Program Files\Java\jdk1.8.0_101\jre\lib\charsets.jar;C:\Program Files\Java\jdk1.8.0_101\jre\lib\deploy.jar;C:\Program Files\Java\jdk1.8.0_101\jre\lib\ext\access-bridge-64.jar;C:\Program Files\Java\jdk1.8.0_101\jre\lib\ext\cldrdata.jar;C:\Program Files\Java\jdk1.8.0_101\jre\lib\ext\dnsns.jar;C:\Program Files\Java\jdk1.8.0_101\jre\lib\ext\jaccess.jar;C:\Program Files\Java\jdk1.8.0_101\jre\lib\ext\jfxrt.jar;C:\Program Files\Java\jdk1.8.0_101\jre\lib\ext\localedata.jar;C:\Program Files\Java\jdk1.8.0_101\jre\lib\ext\nashorn.jar;C:\Program Files\Java\jdk1.8.0_101\jre\lib\ext\sunec.jar;C:\Program Files\Java\jdk1.8.0_101\jre\lib\ext\sunjce_provider.jar;C:\Program Files\Java\jdk1.8.0_101\jre\lib\ext\sunmscapi.jar;C:\Program Files\Java\jdk1.8.0_101\jre\lib\ext\sunpkcs11.jar;C:\Program Files\Java\jdk1.8.0_101\jre\lib\ext\zipfs.jar;C:\Program Files\Java\jdk1.8.0_101\jre\lib\javaws.jar;C:\Program Files\Java\jdk1.8.0_101\jre\lib\jce.jar;C:\Program Files\Java\jdk1.8.0_101\jre\lib\jfr.jar;C:\Program Files\Java\jdk1.8.0_101\jre\lib\jfxswt.jar;C:\Program Files\Java\jdk1.8.0_101\jre\lib\jsse.jar;C:\Program Files\Java\jdk1.8.0_101\jre\lib\management-agent.jar;C:\Program Files\Java\jdk1.8.0_101\jre\lib\plugin.jar;C:\Program Files\Java\jdk1.8.0_101\jre\lib\resources.jar;C:\Program Files\Java\jdk1.8.0_101\jre\lib\rt.jar;D:\Java Projects\Gauss\out\production\Gauss;D:\Программы\IntelliJ IDEA\IntelliJ IDEA Community Edition 2016.2.3\lib\idea_rt.jar
Launcher Type: SUN_STANDARD

Environment Variables:
PATH=C:\ProgramData\Oracle\Java\javapath;D:\Программы\CPython\Scripts\;D:\Программы\CPython\;C:\Program Files (x86)\NVIDIA Corporation\PhysX\Common;C:\Program Files (x86)\Intel\iCLS Client\;C:\Program Files\Intel\iCLS Client\;C:\Windows\system32;C:\Windows;C:\Windows\System32\Wbem;C:\Windows\System32\WindowsPowerShell\v1.0\;C:\Program Files\Intel\Intel(R) Management Engine Components\DAL;C:\Program Files (x86)\Intel\Intel(R) Management Engine Components\DAL;C:\Program Files\Intel\Intel(R) Management Engine Components\IPT;C:\Program Files (x86)\Intel\Intel(R) Management Engine Components\IPT;C:\Program Files\Intel\WiFi\bin\;C:\Program Files\Common Files\Intel\WirelessCommon\;C:\Program Files\Microsoft\Web Platform Installer\;C:\Program Files (x86)\Microsoft ASP.NET\ASP.NET Web Pages\v1.0\;C:\Program Files\Microsoft SQL Server\110\Tools\Binn\;C:\Program Files (x86)\Windows Kits\8.1\Windows Performance Toolkit\;C:\Program Files (x86)\Microsoft SDKs\TypeScript\1.0\;C:\Program Files (x86)\Skype\Phone\;C:\Program Files\Microsoft SQL Server\120\Tools\Binn\;D:\Программы\Git\cmd;D:\Программы\Brackets\command;C:\Program Files\Intel\WiFi\bin\;C:\Program Files\Common Files\Intel\WirelessCommon\
USERNAME=user
OS=Windows_NT
PROCESSOR_IDENTIFIER=Intel64 Family 6 Model 60 Stepping 3, GenuineIntel



---------------  S Y S T E M  ---------------

OS: Windows 8.1 , 64 bit Build 9600 (6.3.9600.17415)

CPU:total 8 (4 cores per cpu, 2 threads per core) family 6 model 60 stepping 3, cmov, cx8, fxsr, mmx, sse, sse2, sse3, ssse3, sse4.1, sse4.2, popcnt, avx, avx2, aes, clmul, erms, lzcnt, ht, tsc, tscinvbit, bmi1, bmi2

Memory: 4k page, physical 8274908k(1783828k free), swap 9061340k(5616k free)

vm_info: Java HotSpot(TM) 64-Bit Server VM (25.101-b13) for windows-amd64 JRE (1.8.0_101-b13), built on Jun 22 2016 01:21:29 by "java_re" with MS VC++ 10.0 (VS2010)

time: Tue Oct 04 13:44:50 2016
elapsed time: 0 seconds (0d 0h 0m 0s)

